android-sources/.build/outputs/logs/manifest-merger-debug-report.txt
-- Merging decision tree log ---
manifest
ADDED from AndroidManifest.xml:2:1
	package
		ADDED from AndroidManifest.xml:2:11
	android:versionName
		ADDED from AndroidManifest.xml:2:95
	android:versionCode
		ADDED from AndroidManifest.xml:2:121
		INJECTED from AndroidManifest.xml:0:0
		INJECTED from AndroidManifest.xml:0:0
	xmlns:android
		ADDED from AndroidManifest.xml:2:36
	android:installLocation
		ADDED from AndroidManifest.xml:2:145
uses-sdk
ADDED from AndroidManifest.xml:3:5
	android:minSdkVersion
		ADDED from AndroidManifest.xml:3:15
supports-screens
ADDED from AndroidManifest.xml:4:5
	android:largeScreens
		ADDED from AndroidManifest.xml:4:23
	android:smallScreens
		ADDED from AndroidManifest.xml:4:106
	android:normalScreens
		ADDED from AndroidManifest.xml:4:51
	android:anyDensity
		ADDED from AndroidManifest.xml:4:80
application
ADDED from AndroidManifest.xml:5:5
	android:label
		ADDED from AndroidManifest.xml:7:9
	android:hardwareAccelerated
		ADDED from AndroidManifest.xml:5:18
	android:icon
		ADDED from AndroidManifest.xml:8:9
	android:name
		ADDED from AndroidManifest.xml:6:9
activity#medica.acqTool.AcqToolActivity
ADDED from AndroidManifest.xml:9:9
	android:screenOrientation
		ADDED from AndroidManifest.xml:12:19
	android:label
		ADDED from AndroidManifest.xml:11:19
	android:launchMode
		ADDED from AndroidManifest.xml:13:19
	android:configChanges
		ADDED from AndroidManifest.xml:9:19
	android:name
		ADDED from AndroidManifest.xml:10:19
intent-filter#android.intent.action.MAIN+android.intent.category.LAUNCHER
ADDED from AndroidManifest.xml:15:13
action#android.intent.action.MAIN
ADDED from AndroidManifest.xml:16:17
	android:name
		ADDED from AndroidManifest.xml:16:25
category#android.intent.category.LAUNCHER
ADDED from AndroidManifest.xml:17:17
	android:name
		ADDED from AndroidManifest.xml:17:27
meta-data#android.app.lib_name
ADDED from AndroidManifest.xml:20:13
	android:value
		ADDED from AndroidManifest.xml:20:60
	android:name
		ADDED from AndroidManifest.xml:20:24
meta-data#android.app.qt_sources_resource_id
ADDED from AndroidManifest.xml:21:13
	android:resource
		ADDED from AndroidManifest.xml:21:74
	android:name
		ADDED from AndroidManifest.xml:21:24
meta-data#android.app.repository
ADDED from AndroidManifest.xml:22:13
	android:value
		ADDED from AndroidManifest.xml:22:62
	android:name
		ADDED from AndroidManifest.xml:22:24
meta-data#android.app.qt_libs_resource_id
ADDED from AndroidManifest.xml:23:13
	android:resource
		ADDED from AndroidManifest.xml:23:71
	android:name
		ADDED from AndroidManifest.xml:23:24
meta-data#android.app.bundled_libs_resource_id
ADDED from AndroidManifest.xml:24:13
	android:resource
		ADDED from AndroidManifest.xml:24:76
	android:name
		ADDED from AndroidManifest.xml:24:24
meta-data#android.app.bundle_local_qt_libs
ADDED from AndroidManifest.xml:26:13
	android:value
		ADDED from AndroidManifest.xml:26:72
	android:name
		ADDED from AndroidManifest.xml:26:24
meta-data#android.app.bundled_in_lib_resource_id
ADDED from AndroidManifest.xml:27:13
	android:resource
		ADDED from AndroidManifest.xml:27:78
	android:name
		ADDED from AndroidManifest.xml:27:24
meta-data#android.app.bundled_in_assets_resource_id
ADDED from AndroidManifest.xml:28:13
	android:resource
		ADDED from AndroidManifest.xml:28:81
	android:name
		ADDED from AndroidManifest.xml:28:24
meta-data#android.app.use_local_qt_libs
ADDED from AndroidManifest.xml:30:13
	android:value
		ADDED from AndroidManifest.xml:30:69
	android:name
		ADDED from AndroidManifest.xml:30:24
meta-data#android.app.libs_prefix
ADDED from AndroidManifest.xml:31:13
	android:value
		ADDED from AndroidManifest.xml:31:63
	android:name
		ADDED from AndroidManifest.xml:31:24
meta-data#android.app.load_local_libs
ADDED from AndroidManifest.xml:32:13
	android:value
		ADDED from AndroidManifest.xml:32:67
	android:name
		ADDED from AndroidManifest.xml:32:24
meta-data#android.app.load_local_jars
ADDED from AndroidManifest.xml:33:13
	android:value
		ADDED from AndroidManifest.xml:33:67
	android:name
		ADDED from AndroidManifest.xml:33:24
meta-data#android.app.static_init_classes
ADDED from AndroidManifest.xml:34:13
	android:value
		ADDED from AndroidManifest.xml:34:71
	android:name
		ADDED from AndroidManifest.xml:34:24
meta-data#android.app.ministro_not_found_msg
ADDED from AndroidManifest.xml:36:13
	android:value
		ADDED from AndroidManifest.xml:36:24
	android:name
		ADDED from AndroidManifest.xml:36:71
meta-data#android.app.ministro_needed_msg
ADDED from AndroidManifest.xml:37:13
	android:value
		ADDED from AndroidManifest.xml:37:24
	android:name
		ADDED from AndroidManifest.xml:37:68
meta-data#android.app.fatal_error_msg
ADDED from AndroidManifest.xml:38:13
	android:value
		ADDED from AndroidManifest.xml:38:24
	android:name
		ADDED from AndroidManifest.xml:38:64
meta-data#android.app.background_running
ADDED from AndroidManifest.xml:52:13
	android:value
		ADDED from AndroidManifest.xml:52:70
	android:name
		ADDED from AndroidManifest.xml:52:24